2025-11-04 19:58:52,596 [INFO] ============================================================
2025-11-04 19:58:52,597 [INFO] 🌱 Plant Care Bot v2.0 - Запуск
2025-11-04 19:58:52,597 [INFO] ============================================================
2025-11-04 19:58:52,597 [INFO] 🔧 Ініціалізація бота...
2025-11-04 19:58:52,597 [WARNING] Файл tasks.txt не знайдено, створюємо новий
2025-11-04 19:58:52,598 [INFO] ✅ Створено стандартний конфіг: tasks.txt
2025-11-04 19:58:52,607 [INFO] 📌 Діапазон води: 5.0-7.0л
2025-11-04 19:58:52,608 [INFO] 📌 Кількість з добривом: 0.95л
2025-11-04 19:58:52,608 [INFO] 📌 Базовий полив: 5.0л
2025-11-04 19:58:52,608 [INFO] 📌 Грунт: 85%
2025-11-04 19:58:52,608 [INFO] ✅ Конфігурацію завантажено: 10 паразитів
2025-11-04 19:58:52,608 [INFO] 📍 Область аналізу: (0, 540) -> (1920, 1080)
2025-11-04 19:58:52,608 [INFO] 🖥️ Автоматично встановлено аналіз нижньої 50% екрану: 1920x540
2025-11-04 19:58:53,227 [INFO] ✅ Tesseract версія: 5.5.0.20241111
2025-11-04 19:58:53,244 [INFO] 🌐 Доступні мови: eng, osd, ukr
2025-11-04 19:58:53,244 [WARNING] ⚠️ Російська мова не знайдена!
2025-11-04 19:58:53,244 [INFO] ✅ Бот ініціалізовано
2025-11-04 19:58:53,244 [INFO] 🎨 Ініціалізація інтерфейсу...
2025-11-04 19:58:54,168 [INFO] ✅ Систему запущено успішно
2025-11-04 19:58:54,169 [INFO] 📋 Використовуйте GUI для керування ботом
2025-11-04 19:59:00,989 [INFO] 🔄 Запущено цикл моніторингу
2025-11-04 19:59:00,990 [INFO] ▶️ Моніторинг запущено
2025-11-04 19:59:00,990 [INFO] ⏱️ Інтервал сканування: 2.0с, Скріншоти: кожні 5.0с
2025-11-04 19:59:01,055 [INFO] 💾 Збережено скріншот: screen_20251104_195901.png
2025-11-04 19:59:03,574 [INFO] 📝 Розпізнано текст (42.7%): Б ae APs. ш Шш ея SS = шн ШШ ШШ zs. =e Se SSS д at ane ot. logs | ga Скріншоти: logs\screenshots | K...
2025-11-04 19:59:03,575 [INFO] 🎯 Впевненість аналізу: 0.0% (час: 2.59с)
2025-11-04 19:59:03,576 [INFO] 🔍 Скан #1: 'Б ae APs. ш Шш ея SS = шн ШШ ШШ zs. =e Se SSS д at ane ot. l...' | ⚡2.59с | 🎯0%
2025-11-04 19:59:09,184 [INFO] 📝 Розпізнано текст (43.0%): = > ж к = xt on ї > Sey ow ф Tos, с- -- к2 леб = тя “SS ж Zp et -- ae &. =~ ї - ря - £47 - - - Е п B...
2025-11-04 19:59:09,185 [INFO] 💧 Потрібно води: 2.0л
2025-11-04 19:59:09,185 [INFO] 🎯 Впевненість аналізу: 20.0% (час: 5.49с)
2025-11-04 19:59:09,185 [INFO] 🔍 Скан #2: '= > ж к = xt on ї > Sey ow ф Tos, с- -- к2 леб = тя “SS ж Zp...' | 📊 Потрібно: 2.0л | ⚡5.49с | 🎯20%
2025-11-04 19:59:09,357 [INFO] 💾 Збережено скріншот: screen_20251104_195909.png
2025-11-04 19:59:11,506 [INFO] 📝 Розпізнано текст (63.8%): щУ Fae ae A ї- +S - - 718 2 щ WY ny TEMNEPATYPA 16.3° / 32.0° 008 Ho exe | Геном ВОДА 6.0 л. / 15.0 ...
2025-11-04 19:59:11,507 [INFO] 💧 Виявлено низький рівень води
2025-11-04 19:59:11,508 [INFO] 💧 Потрібно води: 6.0л
2025-11-04 19:59:11,508 [INFO] 🎯 Впевненість аналізу: 60.0% (час: 2.21с)
2025-11-04 19:59:11,512 [INFO] 🔍 Скан #3: 'щУ Fae ae A ї- +S - - 718 2 щ WY ny TEMNEPATYPA 16.3° / 32.0...' | 💧 Низька вода | 📊 Потрібно: 6.0л | ⚡2.21с | 🎯60%
2025-11-04 19:59:11,516 [INFO] 💧 Виявлено низький рівень води
2025-11-04 19:59:11,517 [INFO] 💧 Стандартний полив (6.0л, добриво: False)
2025-11-04 19:59:11,518 [INFO] 💧 Початок поливу: 6.0л БЕЗ добрива
2025-11-04 19:59:13,349 [WARNING] ⚠️ Точка поливу не встановлена! Встановіть через GUI.
2025-11-04 19:59:13,349 [INFO] ✅ Дію виконано (всього дій: 1)
2025-11-04 19:59:15,090 [INFO] 📝 Розпізнано текст (60.7%): щУ Sa a rey щ ї- ke - - ri - O88 WY Ny YW TEMNEPATYPA 16.3° / 32.0° — ! Геном ВОДА 6.0 л. / 15.0 л. ...
2025-11-04 19:59:15,090 [INFO] 💧 Виявлено низький рівень води
2025-11-04 19:59:15,092 [INFO] 💧 Потрібно води: 6.0л
2025-11-04 19:59:15,092 [INFO] 🎯 Впевненість аналізу: 60.0% (час: 1.63с)
2025-11-04 19:59:15,092 [INFO] 🔍 Скан #4: 'щУ Sa a rey щ ї- ke - - ri - O88 WY Ny YW TEMNEPATYPA 16.3° ...' | 💧 Низька вода | 📊 Потрібно: 6.0л | ⚡1.63с | 🎯60%
2025-11-04 19:59:15,093 [INFO] 💧 Виявлено низький рівень води
2025-11-04 19:59:15,093 [INFO] 💧 Стандартний полив (6.0л, добриво: False)
2025-11-04 19:59:15,093 [INFO] 💧 Початок поливу: 6.0л БЕЗ добрива
2025-11-04 19:59:16,928 [WARNING] ⚠️ Точка поливу не встановлена! Встановіть через GUI.
2025-11-04 19:59:16,928 [INFO] ✅ Дію виконано (всього дій: 2)
2025-11-04 19:59:17,093 [INFO] 💾 Збережено скріншот: screen_20251104_195917.png
2025-11-04 19:59:18,869 [INFO] 📝 Розпізнано текст (61.5%): щУ У Ма- їж х - [733] - - ri TEMNEPATYPA 16.3° / 32.0° 008 4 Геном ! . ВОДА 6.0 л. / 15.0 л. . eo Oh...
2025-11-04 19:59:18,870 [INFO] 💧 Виявлено низький рівень води
2025-11-04 19:59:18,870 [INFO] 💧 Потрібно води: 6.0л
2025-11-04 19:59:18,870 [INFO] 🎯 Впевненість аналізу: 60.0% (час: 1.83с)
2025-11-04 19:59:18,870 [INFO] 🔍 Скан #5: 'щУ У Ма- їж х - [733] - - ri TEMNEPATYPA 16.3° / 32.0° 008 4...' | 💧 Низька вода | 📊 Потрібно: 6.0л | ⚡1.83с | 🎯60%
2025-11-04 19:59:18,871 [INFO] 💧 Виявлено низький рівень води
2025-11-04 19:59:18,871 [INFO] 💧 Стандартний полив (6.0л, добриво: False)
2025-11-04 19:59:18,871 [INFO] 💧 Початок поливу: 6.0л БЕЗ добрива
2025-11-04 19:59:20,708 [WARNING] ⚠️ Точка поливу не встановлена! Встановіть через GUI.
2025-11-04 19:59:20,709 [INFO] ✅ Дію виконано (всього дій: 3)
2025-11-04 19:59:22,330 [INFO] 📝 Розпізнано текст (62.7%): | Hog wy wy, ТЕМПЕРАТУРА г 16.3° / 32.0° " 9“ щ = Т — TeHom ie) й е ВОДА 6.0 n./15.0 л. er fe, - - ....
2025-11-04 19:59:22,330 [INFO] 💧 Виявлено низький рівень води
2025-11-04 19:59:22,330 [INFO] 💧 Потрібно води: 15.0л
2025-11-04 19:59:22,331 [INFO] 🎯 Впевненість аналізу: 60.0% (час: 1.51с)
2025-11-04 19:59:22,331 [INFO] 🔍 Скан #6: '| Hog wy wy, ТЕМПЕРАТУРА г 16.3° / 32.0° " 9“ щ = Т — TeHom ...' | 💧 Низька вода | 📊 Потрібно: 15.0л | ⚡1.51с | 🎯60%
2025-11-04 19:59:22,332 [INFO] 💧 Виявлено низький рівень води
2025-11-04 19:59:22,333 [INFO] 💧 Стандартний полив (15.0л, добриво: False)
2025-11-04 19:59:22,333 [INFO] 💧 Початок поливу: 15.0л БЕЗ добрива
2025-11-04 19:59:24,275 [WARNING] ⚠️ Точка поливу не встановлена! Встановіть через GUI.
2025-11-04 19:59:24,275 [INFO] ✅ Дію виконано (всього дій: 4)
2025-11-04 19:59:24,443 [INFO] 💾 Збережено скріншот: screen_20251104_195924.png
2025-11-04 19:59:26,266 [INFO] 📝 Розпізнано текст (59.0%): Й т , ря Te - : У - ж й wet ose 7 - ь 3 -- * К ж T е п н ТЕМПЕРАТУРА Ч 15.;“ /52.09 . He - . ! | Ген...
2025-11-04 19:59:26,267 [INFO] 💧 Виявлено низький рівень води
2025-11-04 19:59:26,267 [INFO] 💧 Потрібно води: 6.0л
2025-11-04 19:59:26,267 [INFO] 🎯 Впевненість аналізу: 60.0% (час: 1.88с)
2025-11-04 19:59:26,267 [INFO] 🔍 Скан #7: 'Й т , ря Te - : У - ж й wet ose 7 - ь 3 -- * К ж T е п н ТЕМ...' | 💧 Низька вода | 📊 Потрібно: 6.0л | ⚡1.88с | 🎯60%
2025-11-04 19:59:26,272 [INFO] 💧 Виявлено низький рівень води
2025-11-04 19:59:26,272 [INFO] 💧 Стандартний полив (6.0л, добриво: False)
2025-11-04 19:59:26,272 [INFO] 💧 Початок поливу: 6.0л БЕЗ добрива
2025-11-04 19:59:28,118 [WARNING] ⚠️ Точка поливу не встановлена! Встановіть через GUI.
2025-11-04 19:59:28,119 [INFO] ✅ Дію виконано (всього дій: 5)
2025-11-04 19:59:30,587 [INFO] 📝 Розпізнано текст (58.0%): “OAS а ate 5 %3 - й - - we - х ( 718 ї ї ТЕМПЕРАТУРА /32.02 Flo Геном BOnA 6.0 л. / л. ГРУНТ о Нет И...
2025-11-04 19:59:30,587 [INFO] 💧 Потрібно води: 6.0л
2025-11-04 19:59:30,588 [INFO] 🎯 Впевненість аналізу: 40.0% (час: 2.36с)
2025-11-04 19:59:30,588 [INFO] 🔍 Скан #8: '“OAS а ate 5 %3 - й - - we - х ( 718 ї ї ТЕМПЕРАТУРА /32.02 ...' | 📊 Потрібно: 6.0л | ⚡2.36с | 🎯40%
2025-11-04 19:59:30,757 [INFO] 💾 Збережено скріншот: screen_20251104_195930.png
2025-11-04 19:59:32,282 [INFO] 📝 Розпізнано текст (56.9%): к т м: а 5 %3 + - - ( = їХ 718 ї TEMNEPATYPA 9 / 32.0° Геном о ВОДА 6.0 л. / 15.0 л. о, Нет ГРУНТ о ...
2025-11-04 19:59:32,282 [INFO] 💧 Виявлено низький рівень води
2025-11-04 19:59:32,282 [INFO] 💧 Потрібно води: 6.0л
2025-11-04 19:59:32,283 [INFO] 🎯 Впевненість аналізу: 60.0% (час: 1.58с)
2025-11-04 19:59:32,283 [INFO] 🔍 Скан #9: 'к т м: а 5 %3 + - - ( = їХ 718 ї TEMNEPATYPA 9 / 32.0° Геном...' | 💧 Низька вода | 📊 Потрібно: 6.0л | ⚡1.58с | 🎯60%
2025-11-04 19:59:32,288 [INFO] 💧 Виявлено низький рівень води
2025-11-04 19:59:32,288 [INFO] 💧 Стандартний полив (6.0л, добриво: False)
2025-11-04 19:59:32,289 [INFO] 💧 Початок поливу: 6.0л БЕЗ добрива
2025-11-04 19:59:34,116 [WARNING] ⚠️ Точка поливу не встановлена! Встановіть через GUI.
2025-11-04 19:59:34,117 [INFO] ✅ Дію виконано (всього дій: 6)
2025-11-04 19:59:37,815 [INFO] 📝 Розпізнано текст (48.0%): Й a ES. a -- a Ш - - Vis we ‘Se -- -- toa М - ore А =z “i --- TEMNEPATYPA Het oon 16.4° / 32.0° " Ге...
2025-11-04 19:59:37,816 [INFO] 💧 Виявлено низький рівень води
2025-11-04 19:59:37,817 [INFO] 💧 Потрібно води: 6.0л
2025-11-04 19:59:37,817 [INFO] 🎯 Впевненість аналізу: 40.0% (час: 3.59с)
2025-11-04 19:59:37,817 [INFO] 🔍 Скан #10: 'Й a ES. a -- a Ш - - Vis we ‘Se -- -- toa М - ore А =z “i --...' | 💧 Низька вода | 📊 Потрібно: 6.0л | ⚡3.59с | 🎯40%
2025-11-04 19:59:40,410 [INFO] ⏹️ Зупинено
2025-11-04 19:59:40,417 [INFO] 📊 Статистика: {'scans': 10, 'actions': 6, 'parasites_found': 0, 'waters': 0}
2025-11-04 19:59:40,428 [INFO] 💧 Виявлено низький рівень води
2025-11-04 19:59:40,429 [INFO] 💧 Стандартний полив (6.0л, добриво: False)
2025-11-04 19:59:40,429 [INFO] 💧 Початок поливу: 6.0л БЕЗ добрива
2025-11-04 19:59:42,262 [WARNING] ⚠️ Точка поливу не встановлена! Встановіть через GUI.
2025-11-04 19:59:42,262 [INFO] ✅ Дію виконано (всього дій: 7)
2025-11-04 19:59:45,633 [INFO] ============================================================
2025-11-04 19:59:45,633 [INFO] 👋 Завершення роботи Plant Care Bot
2025-11-04 19:59:45,633 [INFO] ============================================================
2025-11-04 20:28:38 [INFO] [config:294] ================================================================================
2025-11-04 20:28:38 [INFO] [config:295] 🌱 Plant Care Bot v2.1 - ENHANCED EDITION
2025-11-04 20:28:38 [INFO] [config:296] ================================================================================
2025-11-04 20:28:38 [INFO] [config:297] 💾 Логи зберігаються в: logs\bot_20251104.log
2025-11-04 20:28:38 [INFO] [config:298] 📸 Скріншоти: logs\screenshots
2025-11-04 20:28:38 [INFO] [config:299] ⚙️ Конфіг: tasks.txt
2025-11-04 20:28:38 [INFO] [config:300] 🎮 GPU прискорення: ✅ УВІМКНЕНО
2025-11-04 20:28:38 [INFO] [config:301] 🧵 CPU потоків: 12
2025-11-04 20:28:38 [INFO] [config:302] ================================================================================
2025-11-04 20:28:38 [INFO] [main:71] 🔍 Перевірка системних вимог...
2025-11-04 20:28:38 [WARNING] [main:40] ⚠️ OpenCV CUDA недоступний - використовується CPU
2025-11-04 20:28:38 [INFO] [main:41] 💡 Для GPU прискорення встановіть: pip install opencv-contrib-python
2025-11-04 20:28:38 [INFO] [main:77] ✅ Системні вимоги виконані
2025-11-04 20:28:38 [INFO] [main:80] 🔧 Ініціалізація Plant Care Bot...
2025-11-04 20:28:38 [INFO] [config:294] ================================================================================
2025-11-04 20:28:38 [INFO] [config:295] 🌱 Plant Care Bot v2.1 - ENHANCED EDITION
2025-11-04 20:28:38 [INFO] [config:296] ================================================================================
2025-11-04 20:28:38 [INFO] [config:297] 💾 Логи зберігаються в: logs\bot_20251104.log
2025-11-04 20:28:38 [INFO] [config:298] 📸 Скріншоти: logs\screenshots
2025-11-04 20:28:38 [INFO] [config:299] ⚙️ Конфіг: tasks.txt
2025-11-04 20:28:38 [INFO] [config:300] 🎮 GPU прискорення: ✅ УВІМКНЕНО
2025-11-04 20:28:38 [INFO] [config:301] 🧵 CPU потоків: 12
2025-11-04 20:28:38 [INFO] [config:302] ================================================================================
2025-11-04 20:28:38 [INFO] [bot:38] 🚀 Ініціалізація Plant Care Bot v2.1 ENHANCED...
2025-11-04 20:28:38 [INFO] [bot:109] ✅ Tesseract версія: 5.5.0.20241111
2025-11-04 20:28:38 [WARNING] [bot:117] ⚠️ Відсутні мови: rus
2025-11-04 20:28:38 [WARNING] [bot:118] ⚠️ Завантажте з https://github.com/tesseract-ocr/tessdata
2025-11-04 20:28:38 [INFO] [bot:45] ⚙️ Завантаження конфігурації...
2025-11-04 20:28:38 [INFO] [config:173] 📌 Діапазон води: 5.0-7.0л
2025-11-04 20:28:38 [INFO] [config:178] 📌 Кількість з добривом: 0.95л
2025-11-04 20:28:38 [INFO] [config:183] 📌 Базовий полив: 5.0л
2025-11-04 20:28:38 [INFO] [config:188] 📌 Грунт: 85%
2025-11-04 20:28:38 [INFO] [config:190] ✅ Конфігурацію завантажено: 10 паразитів
2025-11-04 20:28:38 [INFO] [bot:49] 🔧 Ініціалізація компонентів...
2025-11-04 20:28:38 [WARNING] [performance_optimizer:76] ⚠️ CUDA недоступна, використовується CPU
2025-11-04 20:28:38 [INFO] [performance_optimizer:97] ================================================================================
2025-11-04 20:28:38 [INFO] [performance_optimizer:98] ⚙️ СИСТЕМНА ІНФОРМАЦІЯ:
2025-11-04 20:28:38 [INFO] [performance_optimizer:99]    CPU: i5-13400F (10P+6E cores)
2025-11-04 20:28:38 [INFO] [performance_optimizer:100]    CPU частота: 2500 MHz (max: 2500 MHz)
2025-11-04 20:28:38 [INFO] [performance_optimizer:101]    RAM: 31.8 GB (доступно: 14.6 GB)
2025-11-04 20:28:38 [INFO] [performance_optimizer:102]    Потоків для обробки: 12
2025-11-04 20:28:38 [INFO] [performance_optimizer:103]    GPU: ❌ Недоступний
2025-11-04 20:28:38 [INFO] [performance_optimizer:104] ================================================================================
2025-11-04 20:28:38 [INFO] [window_manager:37] 🪟 Ініціалізовано Window Manager для 'amazing.exe'
2025-11-04 20:28:38 [INFO] [window_manager:68] 🎮 Знайдено вікно: 'AMAZING ONLINE' [0,0 1920x1080]
2025-11-04 20:28:38 [INFO] [window_manager:83] ✅ Вибрано вікно: 'AMAZING ONLINE'
2025-11-04 20:28:38 [INFO] [window_manager:84]    📐 Позиція: (0, 0), Розмір: 1920x1080
2025-11-04 20:28:38 [INFO] [smart_inventory:51] ✅ Завантажено хімікати: (103, 403, 3)
2025-11-04 20:28:38 [INFO] [smart_inventory:60] ✅ Завантажено повну лейку: (99, 105, 3)
2025-11-04 20:28:38 [INFO] [smart_inventory:69] ✅ Завантажено пусту лейку: (105, 88, 3)
2025-11-04 20:28:38 [INFO] [smart_inventory:73] 📦 Завантажено шаблонів: 3
2025-11-04 20:28:38 [INFO] [smart_inventory:41] 🎒 Ініціалізовано Smart Inventory
2025-11-04 20:28:38 [INFO] [analyzer:155] 🔍 Ініціалізовано Smart Analyzer
2025-11-04 20:28:38 [INFO] [executor:60] ⚡ Ініціалізовано Smart Executor
2025-11-04 20:28:38 [INFO] [window_manager:68] 🎮 Знайдено вікно: 'AMAZING ONLINE' [0,0 1920x1080]
2025-11-04 20:28:38 [INFO] [window_manager:83] ✅ Вибрано вікно: 'AMAZING ONLINE'
2025-11-04 20:28:38 [INFO] [window_manager:84]    📐 Позиція: (0, 0), Розмір: 1920x1080
2025-11-04 20:28:38 [INFO] [analyzer:167] 🎮 Автоматично встановлено UI область гри через Window Manager
2025-11-04 20:28:38 [INFO] [bot:100] ✅ Бот успішно ініціалізовано!
2025-11-04 20:28:38 [INFO] [bot:133] ================================================================================
2025-11-04 20:28:38 [INFO] [bot:134] 🌱 PLANT CARE BOT v2.1 - ГОТОВИЙ ДО РОБОТИ
2025-11-04 20:28:38 [INFO] [bot:135] ================================================================================
2025-11-04 20:28:38 [INFO] [bot:136] 📝 Конфігурація:
2025-11-04 20:28:38 [INFO] [bot:137]    • Паразитів у базі: 10
2025-11-04 20:28:38 [INFO] [bot:138]    • Базовий полив: 5.0л
2025-11-04 20:28:38 [INFO] [bot:139]    • З добривом: 0.95л
2025-11-04 20:28:38 [INFO] [bot:140]    • Діапазон води: 5.0-7.0л
2025-11-04 20:28:38 [INFO] [bot:141]    • Рівень грунту: 85%
2025-11-04 20:28:38 [INFO] [bot:142] 
2025-11-04 20:28:38 [INFO] [bot:143] 🎮 Компоненти:
2025-11-04 20:28:38 [INFO] [bot:144]    • Window Manager: ✅
2025-11-04 20:28:38 [INFO] [bot:145]    • Smart Inventory: ✅
2025-11-04 20:28:38 [INFO] [bot:146]    • Performance Optimizer: ✅
2025-11-04 20:28:38 [INFO] [bot:147]    • GPU прискорення: ❌
2025-11-04 20:28:38 [INFO] [bot:148] 
2025-11-04 20:28:38 [INFO] [bot:149] ⚙️ Налаштування:
2025-11-04 20:28:38 [INFO] [bot:150]    • Інтервал сканування: 2.0с
2025-11-04 20:28:38 [INFO] [bot:151]    • Інтервал скріншотів: 5.0с
2025-11-04 20:28:38 [INFO] [bot:152]    • CPU потоків: 12
2025-11-04 20:28:38 [INFO] [bot:153]    • Масштабування скріншотів: 50%
2025-11-04 20:28:38 [INFO] [bot:154] ================================================================================
2025-11-04 20:28:38 [INFO] [main:84] 🎨 Ініціалізація графічного інтерфейсу...
2025-11-04 20:28:39 [INFO] [main:87] ✅ Систему запущено успішно!
2025-11-04 20:28:39 [INFO] [main:88] ================================================================================
2025-11-04 20:28:39 [INFO] [main:89] 💡 ПОРАДИ ДЛЯ ПОЧАТКУ:
2025-11-04 20:28:39 [INFO] [main:90]    1. Натисніть 'СТАРТ' для запуску моніторингу
2025-11-04 20:28:39 [INFO] [main:91]    2. Встановіть 'ТОЧКУ ПОЛИВУ' через GUI
2025-11-04 20:28:39 [INFO] [main:92]    3. Бот автоматично аналізує нижню 50% екрану
2025-11-04 20:28:39 [INFO] [main:93]    4. Для зміни області натисніть 'ОБЛАСТЬ'
2025-11-04 20:28:39 [INFO] [main:94] ================================================================================
2025-11-04 20:28:45 [INFO] [bot:245] 🔄 Головний цикл моніторингу розпочато
2025-11-04 20:28:45 [INFO] [bot:381] ▶️ Моніторинг запущено
2025-11-04 20:28:45 [INFO] [bot:246] ⏱️ Параметри: сканування=2.0с, скріншоти=5.0с
2025-11-04 20:28:45 [DEBUG] [bot:259] 🔍 Скан #1...
2025-11-04 20:28:45 [INFO] [bot:169] 🔄 Головний цикл розпочато
2025-11-04 20:28:45 [DEBUG] [performance_optimizer:140] 💻 CPU масштабування: 960x270
2025-11-04 20:28:45 [DEBUG] [performance_optimizer:151] ⚡ Оптимізація: 1.0ms
2025-11-04 20:28:45 [DEBUG] [performance_optimizer:140] 💻 CPU масштабування: 480x135
2025-11-04 20:28:45 [DEBUG] [performance_optimizer:151] ⚡ Оптимізація: 0.0ms
2025-11-04 20:28:45 [DEBUG] [performance_optimizer:193] 💾 Збережено: screen_20251104_202845.jpg (6 KB, економія: 0.74 MB)
2025-11-04 20:28:45 [DEBUG] [analyzer:235] 💾 Збережено: screen_20251104_202845.jpg
2025-11-04 20:28:45 [DEBUG] [pytesseract:272] ['C:\\Program Files\\Tesseract-OCR\\tesseract.exe', 'C:\\Users\\bobst\\AppData\\Local\\Temp\\tess_kiyz3cqd_input.PNG', 'C:\\Users\\bobst\\AppData\\Local\\Temp\\tess_kiyz3cqd', '-l', 'ukr+rus+eng', '-c', 'tessedit_create_tsv=1', '--psm', '6', '--oem', '3']
2025-11-04 20:28:46 [DEBUG] [pytesseract:272] ['C:\\Program Files\\Tesseract-OCR\\tesseract.exe', 'C:\\Users\\bobst\\AppData\\Local\\Temp\\tess_u3d6sdh1_input.PNG', 'C:\\Users\\bobst\\AppData\\Local\\Temp\\tess_u3d6sdh1', '-l', 'ukr+rus+eng', '-c', 'tessedit_create_tsv=1', '--psm', '11', '--oem', '3']
2025-11-04 20:28:46 [DEBUG] [pytesseract:272] ['C:\\Program Files\\Tesseract-OCR\\tesseract.exe', 'C:\\Users\\bobst\\AppData\\Local\\Temp\\tess_s35w2wnm_input.PNG', 'C:\\Users\\bobst\\AppData\\Local\\Temp\\tess_s35w2wnm', '-l', 'rus+eng', '-c', 'tessedit_create_tsv=1', '--psm', '6', '--oem', '3']
2025-11-04 20:28:47 [DEBUG] [pytesseract:272] ['C:\\Program Files\\Tesseract-OCR\\tesseract.exe', 'C:\\Users\\bobst\\AppData\\Local\\Temp\\tess_pjcs82y4_input.PNG', 'C:\\Users\\bobst\\AppData\\Local\\Temp\\tess_pjcs82y4', '-l', 'ukr', '-c', 'tessedit_create_tsv=1', '--psm', '6', '--oem', '3']
2025-11-04 20:28:47 [INFO] [analyzer:254] 📱 Екран: unknown | Впевненість OCR: 57.7%
2025-11-04 20:28:47 [INFO] [analyzer:304] ✅ Аналіз: 🎯 20% | Час: 1.61с
2025-11-04 20:28:47 [DEBUG] [bot:272] 🔍 Скан #1: 'о ло Ф є 0 :...'
2025-11-04 20:28:47 [INFO] [bot:346] ================================================================================
2025-11-04 20:28:47 [INFO] [bot:347] 📊 СТАТИСТИКА (uptime: 0 хв)
2025-11-04 20:28:47 [INFO] [bot:348]    🔍 Сканів: 1
2025-11-04 20:28:47 [INFO] [bot:349]    ⚡ Дій: 0
2025-11-04 20:28:47 [INFO] [bot:350]    🐛 Паразитів: 0
2025-11-04 20:28:47 [INFO] [bot:351]    💧 Поливів: 0
2025-11-04 20:28:47 [INFO] [bot:352]    ❌ Помилок: 0
2025-11-04 20:28:47 [INFO] [bot:357]    📈 Ефективність: 0.0% (дій/скан)
2025-11-04 20:28:47 [INFO] [bot:359] ================================================================================
2025-11-04 20:28:47 [INFO] [performance_optimizer:391] ================================================================================
2025-11-04 20:28:47 [INFO] [performance_optimizer:392] 📊 СТАТИСТИКА ПРОДУКТИВНОСТІ:
2025-11-04 20:28:47 [INFO] [performance_optimizer:393]    💾 Скріншотів: 1 (оптимізовано: 2)
2025-11-04 20:28:47 [INFO] [performance_optimizer:394]    💰 Економія простору: 0.7 MB
2025-11-04 20:28:47 [INFO] [performance_optimizer:395]    🎯 Cache hit rate: 0.0% (0/1)
2025-11-04 20:28:47 [INFO] [performance_optimizer:396]    🎮 GPU операцій: 0 ❌ (недоступний)
2025-11-04 20:28:47 [INFO] [performance_optimizer:397]    🧠 Пам'ять процесу: 102.9 MB (0.3%)
2025-11-04 20:28:47 [INFO] [performance_optimizer:398]    🖥️ Системна пам'ять: 54.3% (14.6/31.8 GB доступно)
2025-11-04 20:28:47 [INFO] [performance_optimizer:399]    ⚡ CPU процесу: 0.0% (система: 12.6%)
2025-11-04 20:28:47 [INFO] [performance_optimizer:400]    ⏱️ Середній час обробки: 0.3ms
2025-11-04 20:28:47 [INFO] [performance_optimizer:401] ================================================================================
2025-11-04 20:28:47 [DEBUG] [bot:309] ⏸️ Очікування 0.2с до наступного скану...
2025-11-04 20:28:47 [DEBUG] [bot:259] 🔍 Скан #2...
2025-11-04 20:28:47 [DEBUG] [performance_optimizer:140] 💻 CPU масштабування: 960x270
2025-11-04 20:28:47 [DEBUG] [performance_optimizer:151] ⚡ Оптимізація: 1.0ms
2025-11-04 20:28:47 [DEBUG] [pytesseract:272] ['C:\\Program Files\\Tesseract-OCR\\tesseract.exe', 'C:\\Users\\bobst\\AppData\\Local\\Temp\\tess_fd89zw1m_input.PNG', 'C:\\Users\\bobst\\AppData\\Local\\Temp\\tess_fd89zw1m', '-l', 'ukr+rus+eng', '-c', 'tessedit_create_tsv=1', '--psm', '6', '--oem', '3']
2025-11-04 20:28:48 [DEBUG] [pytesseract:272] ['C:\\Program Files\\Tesseract-OCR\\tesseract.exe', 'C:\\Users\\bobst\\AppData\\Local\\Temp\\tess_ek794h_3_input.PNG', 'C:\\Users\\bobst\\AppData\\Local\\Temp\\tess_ek794h_3', '-l', 'ukr+rus+eng', '-c', 'tessedit_create_tsv=1', '--psm', '11', '--oem', '3']
2025-11-04 20:28:48 [DEBUG] [pytesseract:272] ['C:\\Program Files\\Tesseract-OCR\\tesseract.exe', 'C:\\Users\\bobst\\AppData\\Local\\Temp\\tess_ae78w1um_input.PNG', 'C:\\Users\\bobst\\AppData\\Local\\Temp\\tess_ae78w1um', '-l', 'rus+eng', '-c', 'tessedit_create_tsv=1', '--psm', '6', '--oem', '3']
2025-11-04 20:28:48 [DEBUG] [pytesseract:272] ['C:\\Program Files\\Tesseract-OCR\\tesseract.exe', 'C:\\Users\\bobst\\AppData\\Local\\Temp\\tess_fn9kwi9d_input.PNG', 'C:\\Users\\bobst\\AppData\\Local\\Temp\\tess_fn9kwi9d', '-l', 'ukr', '-c', 'tessedit_create_tsv=1', '--psm', '6', '--oem', '3']
2025-11-04 20:28:49 [INFO] [analyzer:254] 📱 Екран: unknown | Впевненість OCR: 63.4%
2025-11-04 20:28:49 [INFO] [analyzer:304] ✅ Аналіз: 🎯 20% | Час: 1.46с
2025-11-04 20:28:49 [DEBUG] [bot:272] 🔍 Скан #2: '! л Еексбжеидуатсл добавить; ЄЇ':ЇЧЇА А.т, удобрения а.:.эч:..- Гнеті...'
2025-11-04 20:28:49 [DEBUG] [bot:309] ⏸️ Очікування 0.5с до наступного скану...
2025-11-04 20:28:49 [DEBUG] [bot:259] 🔍 Скан #3...
2025-11-04 20:28:49 [DEBUG] [performance_optimizer:140] 💻 CPU масштабування: 960x270
2025-11-04 20:28:49 [DEBUG] [performance_optimizer:151] ⚡ Оптимізація: 1.0ms
2025-11-04 20:28:49 [DEBUG] [pytesseract:272] ['C:\\Program Files\\Tesseract-OCR\\tesseract.exe', 'C:\\Users\\bobst\\AppData\\Local\\Temp\\tess_ijtsumgj_input.PNG', 'C:\\Users\\bobst\\AppData\\Local\\Temp\\tess_ijtsumgj', '-l', 'ukr+rus+eng', '-c', 'tessedit_create_tsv=1', '--psm', '6', '--oem', '3']
2025-11-04 20:28:50 [DEBUG] [pytesseract:272] ['C:\\Program Files\\Tesseract-OCR\\tesseract.exe', 'C:\\Users\\bobst\\AppData\\Local\\Temp\\tess_kt8gzanp_input.PNG', 'C:\\Users\\bobst\\AppData\\Local\\Temp\\tess_kt8gzanp', '-l', 'ukr+rus+eng', '-c', 'tessedit_create_tsv=1', '--psm', '11', '--oem', '3']
2025-11-04 20:28:50 [DEBUG] [pytesseract:272] ['C:\\Program Files\\Tesseract-OCR\\tesseract.exe', 'C:\\Users\\bobst\\AppData\\Local\\Temp\\tess_c12p_asp_input.PNG', 'C:\\Users\\bobst\\AppData\\Local\\Temp\\tess_c12p_asp', '-l', 'rus+eng', '-c', 'tessedit_create_tsv=1', '--psm', '6', '--oem', '3']
2025-11-04 20:28:50 [DEBUG] [pytesseract:272] ['C:\\Program Files\\Tesseract-OCR\\tesseract.exe', 'C:\\Users\\bobst\\AppData\\Local\\Temp\\tess_1bzkk6fu_input.PNG', 'C:\\Users\\bobst\\AppData\\Local\\Temp\\tess_1bzkk6fu', '-l', 'ukr', '-c', 'tessedit_create_tsv=1', '--psm', '6', '--oem', '3']
2025-11-04 20:28:51 [INFO] [analyzer:254] 📱 Екран: unknown | Впевненість OCR: 57.2%
2025-11-04 20:28:51 [INFO] [analyzer:304] ✅ Аналіз: 🎯 20% | Час: 1.45с
2025-11-04 20:28:51 [DEBUG] [bot:272] 🔍 Скан #3: 'е комендуется добавить; 4. удобрения: oo С 8...'
2025-11-04 20:28:51 [DEBUG] [bot:309] ⏸️ Очікування 0.5с до наступного скану...
2025-11-04 20:28:51 [DEBUG] [bot:259] 🔍 Скан #4...
2025-11-04 20:28:51 [DEBUG] [performance_optimizer:140] 💻 CPU масштабування: 960x270
2025-11-04 20:28:51 [DEBUG] [performance_optimizer:151] ⚡ Оптимізація: 1.0ms
2025-11-04 20:28:51 [DEBUG] [performance_optimizer:140] 💻 CPU масштабування: 480x135
2025-11-04 20:28:51 [DEBUG] [performance_optimizer:151] ⚡ Оптимізація: 0.0ms
2025-11-04 20:28:51 [DEBUG] [performance_optimizer:193] 💾 Збережено: screen_20251104_202851.jpg (4 KB, економія: 0.74 MB)
2025-11-04 20:28:51 [DEBUG] [analyzer:235] 💾 Збережено: screen_20251104_202851.jpg
2025-11-04 20:28:51 [DEBUG] [pytesseract:272] ['C:\\Program Files\\Tesseract-OCR\\tesseract.exe', 'C:\\Users\\bobst\\AppData\\Local\\Temp\\tess_ort5wmmf_input.PNG', 'C:\\Users\\bobst\\AppData\\Local\\Temp\\tess_ort5wmmf', '-l', 'ukr+rus+eng', '-c', 'tessedit_create_tsv=1', '--psm', '6', '--oem', '3']
2025-11-04 20:28:52 [DEBUG] [pytesseract:272] ['C:\\Program Files\\Tesseract-OCR\\tesseract.exe', 'C:\\Users\\bobst\\AppData\\Local\\Temp\\tess_beku_f0d_input.PNG', 'C:\\Users\\bobst\\AppData\\Local\\Temp\\tess_beku_f0d', '-l', 'ukr+rus+eng', '-c', 'tessedit_create_tsv=1', '--psm', '11', '--oem', '3']
2025-11-04 20:28:52 [DEBUG] [pytesseract:272] ['C:\\Program Files\\Tesseract-OCR\\tesseract.exe', 'C:\\Users\\bobst\\AppData\\Local\\Temp\\tess_8z887d_y_input.PNG', 'C:\\Users\\bobst\\AppData\\Local\\Temp\\tess_8z887d_y', '-l', 'rus+eng', '-c', 'tessedit_create_tsv=1', '--psm', '6', '--oem', '3']
2025-11-04 20:28:52 [DEBUG] [pytesseract:272] ['C:\\Program Files\\Tesseract-OCR\\tesseract.exe', 'C:\\Users\\bobst\\AppData\\Local\\Temp\\tess_yn7_dlxn_input.PNG', 'C:\\Users\\bobst\\AppData\\Local\\Temp\\tess_yn7_dlxn', '-l', 'ukr', '-c', 'tessedit_create_tsv=1', '--psm', '6', '--oem', '3']
2025-11-04 20:28:53 [INFO] [analyzer:254] 📱 Екран: unknown | Впевненість OCR: 58.3%
2025-11-04 20:28:53 [INFO] [analyzer:304] ✅ Аналіз: 🎯 20% | Час: 1.51с
2025-11-04 20:28:53 [DEBUG] [bot:272] 🔍 Скан #4: ', МЕ 9 Еексбжеидуатсл добавить; еа:тд А.т, е удобрения а.:.эч:..- Гнеті...'
2025-11-04 20:28:53 [DEBUG] [bot:309] ⏸️ Очікування 0.5с до наступного скану...
2025-11-04 20:28:53 [DEBUG] [bot:259] 🔍 Скан #5...
2025-11-04 20:28:53 [DEBUG] [performance_optimizer:140] 💻 CPU масштабування: 960x270
2025-11-04 20:28:53 [DEBUG] [performance_optimizer:151] ⚡ Оптимізація: 1.0ms
2025-11-04 20:28:53 [DEBUG] [pytesseract:272] ['C:\\Program Files\\Tesseract-OCR\\tesseract.exe', 'C:\\Users\\bobst\\AppData\\Local\\Temp\\tess_ib93z66e_input.PNG', 'C:\\Users\\bobst\\AppData\\Local\\Temp\\tess_ib93z66e', '-l', 'ukr+rus+eng', '-c', 'tessedit_create_tsv=1', '--psm', '6', '--oem', '3']
2025-11-04 20:28:54 [DEBUG] [pytesseract:272] ['C:\\Program Files\\Tesseract-OCR\\tesseract.exe', 'C:\\Users\\bobst\\AppData\\Local\\Temp\\tess_d4e9kt7v_input.PNG', 'C:\\Users\\bobst\\AppData\\Local\\Temp\\tess_d4e9kt7v', '-l', 'ukr+rus+eng', '-c', 'tessedit_create_tsv=1', '--psm', '11', '--oem', '3']
2025-11-04 20:28:54 [DEBUG] [pytesseract:272] ['C:\\Program Files\\Tesseract-OCR\\tesseract.exe', 'C:\\Users\\bobst\\AppData\\Local\\Temp\\tess_dzfmy6ps_input.PNG', 'C:\\Users\\bobst\\AppData\\Local\\Temp\\tess_dzfmy6ps', '-l', 'rus+eng', '-c', 'tessedit_create_tsv=1', '--psm', '6', '--oem', '3']
2025-11-04 20:28:54 [DEBUG] [pytesseract:272] ['C:\\Program Files\\Tesseract-OCR\\tesseract.exe', 'C:\\Users\\bobst\\AppData\\Local\\Temp\\tess_ln37w_25_input.PNG', 'C:\\Users\\bobst\\AppData\\Local\\Temp\\tess_ln37w_25', '-l', 'ukr', '-c', 'tessedit_create_tsv=1', '--psm', '6', '--oem', '3']
2025-11-04 20:28:55 [INFO] [analyzer:254] 📱 Екран: unknown | Впевненість OCR: 60.7%
2025-11-04 20:28:55 [INFO] [analyzer:304] ✅ Аналіз: 🎯 20% | Час: 1.28с
2025-11-04 20:28:55 [DEBUG] [bot:272] 🔍 Скан #5: 'е комендуется добавить; 4. удобрения: С 8...'
2025-11-04 20:28:55 [DEBUG] [bot:309] ⏸️ Очікування 0.7с до наступного скану...
2025-11-04 20:28:55 [DEBUG] [bot:259] 🔍 Скан #6...
2025-11-04 20:28:55 [DEBUG] [performance_optimizer:140] 💻 CPU масштабування: 960x270
2025-11-04 20:28:55 [DEBUG] [performance_optimizer:151] ⚡ Оптимізація: 1.0ms
2025-11-04 20:28:55 [DEBUG] [pytesseract:272] ['C:\\Program Files\\Tesseract-OCR\\tesseract.exe', 'C:\\Users\\bobst\\AppData\\Local\\Temp\\tess_htpfbgxr_input.PNG', 'C:\\Users\\bobst\\AppData\\Local\\Temp\\tess_htpfbgxr', '-l', 'ukr+rus+eng', '-c', 'tessedit_create_tsv=1', '--psm', '6', '--oem', '3']
2025-11-04 20:28:56 [DEBUG] [pytesseract:272] ['C:\\Program Files\\Tesseract-OCR\\tesseract.exe', 'C:\\Users\\bobst\\AppData\\Local\\Temp\\tess_ftxe83rd_input.PNG', 'C:\\Users\\bobst\\AppData\\Local\\Temp\\tess_ftxe83rd', '-l', 'ukr+rus+eng', '-c', 'tessedit_create_tsv=1', '--psm', '11', '--oem', '3']
2025-11-04 20:28:56 [DEBUG] [pytesseract:272] ['C:\\Program Files\\Tesseract-OCR\\tesseract.exe', 'C:\\Users\\bobst\\AppData\\Local\\Temp\\tess_lsh0tvhs_input.PNG', 'C:\\Users\\bobst\\AppData\\Local\\Temp\\tess_lsh0tvhs', '-l', 'rus+eng', '-c', 'tessedit_create_tsv=1', '--psm', '6', '--oem', '3']
2025-11-04 20:28:56 [DEBUG] [pytesseract:272] ['C:\\Program Files\\Tesseract-OCR\\tesseract.exe', 'C:\\Users\\bobst\\AppData\\Local\\Temp\\tess_wt9b7byw_input.PNG', 'C:\\Users\\bobst\\AppData\\Local\\Temp\\tess_wt9b7byw', '-l', 'ukr', '-c', 'tessedit_create_tsv=1', '--psm', '6', '--oem', '3']
2025-11-04 20:28:57 [INFO] [analyzer:254] 📱 Екран: unknown | Впевненість OCR: 59.7%
2025-11-04 20:28:57 [INFO] [analyzer:304] ✅ Аналіз: 🎯 20% | Час: 1.63с
2025-11-04 20:28:57 [DEBUG] [bot:272] 🔍 Скан #6: 'ж = е комендуется добавить; Barco...'
2025-11-04 20:28:57 [DEBUG] [bot:309] ⏸️ Очікування 0.4с до наступного скану...
2025-11-04 20:28:57 [DEBUG] [bot:259] 🔍 Скан #7...
2025-11-04 20:28:57 [DEBUG] [performance_optimizer:140] 💻 CPU масштабування: 960x270
2025-11-04 20:28:57 [DEBUG] [performance_optimizer:151] ⚡ Оптимізація: 1.2ms
2025-11-04 20:28:57 [DEBUG] [performance_optimizer:140] 💻 CPU масштабування: 480x135
2025-11-04 20:28:57 [DEBUG] [performance_optimizer:151] ⚡ Оптимізація: 0.0ms
2025-11-04 20:28:57 [DEBUG] [performance_optimizer:193] 💾 Збережено: screen_20251104_202857.jpg (5 KB, економія: 0.74 MB)
2025-11-04 20:28:57 [DEBUG] [analyzer:235] 💾 Збережено: screen_20251104_202857.jpg
2025-11-04 20:28:57 [DEBUG] [pytesseract:272] ['C:\\Program Files\\Tesseract-OCR\\tesseract.exe', 'C:\\Users\\bobst\\AppData\\Local\\Temp\\tess_f7jwofkx_input.PNG', 'C:\\Users\\bobst\\AppData\\Local\\Temp\\tess_f7jwofkx', '-l', 'ukr+rus+eng', '-c', 'tessedit_create_tsv=1', '--psm', '6', '--oem', '3']
2025-11-04 20:28:58 [DEBUG] [pytesseract:272] ['C:\\Program Files\\Tesseract-OCR\\tesseract.exe', 'C:\\Users\\bobst\\AppData\\Local\\Temp\\tess_3yld0kc9_input.PNG', 'C:\\Users\\bobst\\AppData\\Local\\Temp\\tess_3yld0kc9', '-l', 'ukr+rus+eng', '-c', 'tessedit_create_tsv=1', '--psm', '11', '--oem', '3']
2025-11-04 20:28:58 [DEBUG] [pytesseract:272] ['C:\\Program Files\\Tesseract-OCR\\tesseract.exe', 'C:\\Users\\bobst\\AppData\\Local\\Temp\\tess_hr6o20i__input.PNG', 'C:\\Users\\bobst\\AppData\\Local\\Temp\\tess_hr6o20i_', '-l', 'rus+eng', '-c', 'tessedit_create_tsv=1', '--psm', '6', '--oem', '3']
2025-11-04 20:28:58 [DEBUG] [pytesseract:272] ['C:\\Program Files\\Tesseract-OCR\\tesseract.exe', 'C:\\Users\\bobst\\AppData\\Local\\Temp\\tess_8_w38_si_input.PNG', 'C:\\Users\\bobst\\AppData\\Local\\Temp\\tess_8_w38_si', '-l', 'ukr', '-c', 'tessedit_create_tsv=1', '--psm', '6', '--oem', '3']
2025-11-04 20:28:58 [INFO] [analyzer:254] 📱 Екран: unknown | Впевненість OCR: 55.0%
2025-11-04 20:28:58 [INFO] [analyzer:304] ✅ Аналіз: 🎯 20% | Час: 1.10с
2025-11-04 20:28:58 [DEBUG] [bot:272] 🔍 Скан #7: 'ret Ї or...'
2025-11-04 20:28:58 [DEBUG] [bot:309] ⏸️ Очікування 0.9с до наступного скану...
2025-11-04 20:28:59 [DEBUG] [bot:259] 🔍 Скан #8...
2025-11-04 20:28:59 [DEBUG] [performance_optimizer:140] 💻 CPU масштабування: 960x270
2025-11-04 20:28:59 [DEBUG] [performance_optimizer:151] ⚡ Оптимізація: 1.0ms
2025-11-04 20:28:59 [DEBUG] [pytesseract:272] ['C:\\Program Files\\Tesseract-OCR\\tesseract.exe', 'C:\\Users\\bobst\\AppData\\Local\\Temp\\tess_bdpum9no_input.PNG', 'C:\\Users\\bobst\\AppData\\Local\\Temp\\tess_bdpum9no', '-l', 'ukr+rus+eng', '-c', 'tessedit_create_tsv=1', '--psm', '6', '--oem', '3']
2025-11-04 20:29:00 [DEBUG] [pytesseract:272] ['C:\\Program Files\\Tesseract-OCR\\tesseract.exe', 'C:\\Users\\bobst\\AppData\\Local\\Temp\\tess_8x02qz2i_input.PNG', 'C:\\Users\\bobst\\AppData\\Local\\Temp\\tess_8x02qz2i', '-l', 'ukr+rus+eng', '-c', 'tessedit_create_tsv=1', '--psm', '11', '--oem', '3']
2025-11-04 20:29:00 [DEBUG] [pytesseract:272] ['C:\\Program Files\\Tesseract-OCR\\tesseract.exe', 'C:\\Users\\bobst\\AppData\\Local\\Temp\\tess_7h0w8n21_input.PNG', 'C:\\Users\\bobst\\AppData\\Local\\Temp\\tess_7h0w8n21', '-l', 'rus+eng', '-c', 'tessedit_create_tsv=1', '--psm', '6', '--oem', '3']
2025-11-04 20:29:00 [DEBUG] [pytesseract:272] ['C:\\Program Files\\Tesseract-OCR\\tesseract.exe', 'C:\\Users\\bobst\\AppData\\Local\\Temp\\tess_q7sm3flq_input.PNG', 'C:\\Users\\bobst\\AppData\\Local\\Temp\\tess_q7sm3flq', '-l', 'ukr', '-c', 'tessedit_create_tsv=1', '--psm', '6', '--oem', '3']
2025-11-04 20:29:00 [INFO] [analyzer:254] 📱 Екран: unknown | Впевненість OCR: 63.8%
2025-11-04 20:29:00 [INFO] [analyzer:304] ✅ Аналіз: 🎯 20% | Час: 1.04с
2025-11-04 20:29:00 [DEBUG] [bot:272] 🔍 Скан #8: '// ш 5 // 1 & Leesa | | fi | oo, Fae " —...'
2025-11-04 20:29:00 [DEBUG] [bot:309] ⏸️ Очікування 1.0с до наступного скану...
2025-11-04 20:29:01 [DEBUG] [bot:259] 🔍 Скан #9...
2025-11-04 20:29:01 [DEBUG] [performance_optimizer:140] 💻 CPU масштабування: 960x270
2025-11-04 20:29:01 [DEBUG] [performance_optimizer:151] ⚡ Оптимізація: 0.5ms
2025-11-04 20:29:01 [DEBUG] [pytesseract:272] ['C:\\Program Files\\Tesseract-OCR\\tesseract.exe', 'C:\\Users\\bobst\\AppData\\Local\\Temp\\tess_zah0i3e__input.PNG', 'C:\\Users\\bobst\\AppData\\Local\\Temp\\tess_zah0i3e_', '-l', 'ukr+rus+eng', '-c', 'tessedit_create_tsv=1', '--psm', '6', '--oem', '3']
2025-11-04 20:29:02 [DEBUG] [pytesseract:272] ['C:\\Program Files\\Tesseract-OCR\\tesseract.exe', 'C:\\Users\\bobst\\AppData\\Local\\Temp\\tess_08nhm69h_input.PNG', 'C:\\Users\\bobst\\AppData\\Local\\Temp\\tess_08nhm69h', '-l', 'ukr+rus+eng', '-c', 'tessedit_create_tsv=1', '--psm', '11', '--oem', '3']
2025-11-04 20:29:02 [DEBUG] [pytesseract:272] ['C:\\Program Files\\Tesseract-OCR\\tesseract.exe', 'C:\\Users\\bobst\\AppData\\Local\\Temp\\tess_21v5688o_input.PNG', 'C:\\Users\\bobst\\AppData\\Local\\Temp\\tess_21v5688o', '-l', 'rus+eng', '-c', 'tessedit_create_tsv=1', '--psm', '6', '--oem', '3']
2025-11-04 20:29:02 [DEBUG] [pytesseract:272] ['C:\\Program Files\\Tesseract-OCR\\tesseract.exe', 'C:\\Users\\bobst\\AppData\\Local\\Temp\\tess_rb2kgclt_input.PNG', 'C:\\Users\\bobst\\AppData\\Local\\Temp\\tess_rb2kgclt', '-l', 'ukr', '-c', 'tessedit_create_tsv=1', '--psm', '6', '--oem', '3']
2025-11-04 20:29:02 [INFO] [analyzer:254] 📱 Екран: unknown | Впевненість OCR: 59.1%
2025-11-04 20:29:02 [INFO] [analyzer:304] ✅ Аналіз: 🎯 20% | Час: 1.21с
2025-11-04 20:29:02 [DEBUG] [bot:272] 🔍 Скан #9: 'і х е те : - ч...'
2025-11-04 20:29:02 [DEBUG] [bot:309] ⏸️ Очікування 0.8с до наступного скану...
2025-11-04 20:29:03 [DEBUG] [bot:259] 🔍 Скан #10...
2025-11-04 20:29:03 [DEBUG] [performance_optimizer:140] 💻 CPU масштабування: 960x270
2025-11-04 20:29:03 [DEBUG] [performance_optimizer:151] ⚡ Оптимізація: 1.0ms
2025-11-04 20:29:03 [DEBUG] [performance_optimizer:140] 💻 CPU масштабування: 480x135
2025-11-04 20:29:03 [DEBUG] [performance_optimizer:151] ⚡ Оптимізація: 0.0ms
2025-11-04 20:29:03 [DEBUG] [performance_optimizer:193] 💾 Збережено: screen_20251104_202903.jpg (4 KB, економія: 0.74 MB)
2025-11-04 20:29:03 [DEBUG] [analyzer:235] 💾 Збережено: screen_20251104_202903.jpg
2025-11-04 20:29:03 [DEBUG] [pytesseract:272] ['C:\\Program Files\\Tesseract-OCR\\tesseract.exe', 'C:\\Users\\bobst\\AppData\\Local\\Temp\\tess_t58of_nc_input.PNG', 'C:\\Users\\bobst\\AppData\\Local\\Temp\\tess_t58of_nc', '-l', 'ukr+rus+eng', '-c', 'tessedit_create_tsv=1', '--psm', '6', '--oem', '3']
2025-11-04 20:29:04 [DEBUG] [pytesseract:272] ['C:\\Program Files\\Tesseract-OCR\\tesseract.exe', 'C:\\Users\\bobst\\AppData\\Local\\Temp\\tess_25d95ro2_input.PNG', 'C:\\Users\\bobst\\AppData\\Local\\Temp\\tess_25d95ro2', '-l', 'ukr+rus+eng', '-c', 'tessedit_create_tsv=1', '--psm', '11', '--oem', '3']
2025-11-04 20:29:04 [DEBUG] [pytesseract:272] ['C:\\Program Files\\Tesseract-OCR\\tesseract.exe', 'C:\\Users\\bobst\\AppData\\Local\\Temp\\tess_922m3wqd_input.PNG', 'C:\\Users\\bobst\\AppData\\Local\\Temp\\tess_922m3wqd', '-l', 'rus+eng', '-c', 'tessedit_create_tsv=1', '--psm', '6', '--oem', '3']
2025-11-04 20:29:04 [DEBUG] [pytesseract:272] ['C:\\Program Files\\Tesseract-OCR\\tesseract.exe', 'C:\\Users\\bobst\\AppData\\Local\\Temp\\tess_zvegi40i_input.PNG', 'C:\\Users\\bobst\\AppData\\Local\\Temp\\tess_zvegi40i', '-l', 'ukr', '-c', 'tessedit_create_tsv=1', '--psm', '6', '--oem', '3']
2025-11-04 20:29:04 [INFO] [analyzer:254] 📱 Екран: unknown | Впевненість OCR: 68.8%
2025-11-04 20:29:04 [INFO] [analyzer:304] ✅ Аналіз: 🎯 20% | Час: 1.15с
2025-11-04 20:29:04 [DEBUG] [bot:272] 🔍 Скан #10: 'ІСЕМЕЧКО) є3 а Гнеті...'
2025-11-04 20:29:04 [DEBUG] [bot:309] ⏸️ Очікування 0.8с до наступного скану...
2025-11-04 20:29:05 [DEBUG] [bot:259] 🔍 Скан #11...
2025-11-04 20:29:05 [DEBUG] [performance_optimizer:140] 💻 CPU масштабування: 960x270
2025-11-04 20:29:05 [DEBUG] [performance_optimizer:151] ⚡ Оптимізація: 0.0ms
2025-11-04 20:29:05 [DEBUG] [pytesseract:272] ['C:\\Program Files\\Tesseract-OCR\\tesseract.exe', 'C:\\Users\\bobst\\AppData\\Local\\Temp\\tess_e2q69zhj_input.PNG', 'C:\\Users\\bobst\\AppData\\Local\\Temp\\tess_e2q69zhj', '-l', 'ukr+rus+eng', '-c', 'tessedit_create_tsv=1', '--psm', '6', '--oem', '3']
2025-11-04 20:29:06 [DEBUG] [pytesseract:272] ['C:\\Program Files\\Tesseract-OCR\\tesseract.exe', 'C:\\Users\\bobst\\AppData\\Local\\Temp\\tess_fikb6d16_input.PNG', 'C:\\Users\\bobst\\AppData\\Local\\Temp\\tess_fikb6d16', '-l', 'ukr+rus+eng', '-c', 'tessedit_create_tsv=1', '--psm', '11', '--oem', '3']
2025-11-04 20:29:06 [DEBUG] [pytesseract:272] ['C:\\Program Files\\Tesseract-OCR\\tesseract.exe', 'C:\\Users\\bobst\\AppData\\Local\\Temp\\tess_vv5j6_t4_input.PNG', 'C:\\Users\\bobst\\AppData\\Local\\Temp\\tess_vv5j6_t4', '-l', 'rus+eng', '-c', 'tessedit_create_tsv=1', '--psm', '6', '--oem', '3']
2025-11-04 20:29:06 [DEBUG] [pytesseract:272] ['C:\\Program Files\\Tesseract-OCR\\tesseract.exe', 'C:\\Users\\bobst\\AppData\\Local\\Temp\\tess_xjl8tjbb_input.PNG', 'C:\\Users\\bobst\\AppData\\Local\\Temp\\tess_xjl8tjbb', '-l', 'ukr', '-c', 'tessedit_create_tsv=1', '--psm', '6', '--oem', '3']
2025-11-04 20:29:07 [INFO] [analyzer:254] 📱 Екран: unknown | Впевненість OCR: 54.9%
2025-11-04 20:29:07 [INFO] [analyzer:304] ✅ Аналіз: 🎯 20% | Час: 1.35с
2025-11-04 20:29:07 [DEBUG] [bot:272] 🔍 Скан #11: 'Cre Her 3 Hor] х свооозеовове в...'
2025-11-04 20:29:07 [DEBUG] [bot:309] ⏸️ Очікування 0.6с до наступного скану...
2025-11-04 20:29:07 [DEBUG] [bot:259] 🔍 Скан #12...
2025-11-04 20:29:07 [DEBUG] [performance_optimizer:140] 💻 CPU масштабування: 960x270
2025-11-04 20:29:07 [DEBUG] [performance_optimizer:151] ⚡ Оптимізація: 2.0ms
2025-11-04 20:29:07 [DEBUG] [pytesseract:272] ['C:\\Program Files\\Tesseract-OCR\\tesseract.exe', 'C:\\Users\\bobst\\AppData\\Local\\Temp\\tess_c574curd_input.PNG', 'C:\\Users\\bobst\\AppData\\Local\\Temp\\tess_c574curd', '-l', 'ukr+rus+eng', '-c', 'tessedit_create_tsv=1', '--psm', '6', '--oem', '3']
2025-11-04 20:29:08 [DEBUG] [pytesseract:272] ['C:\\Program Files\\Tesseract-OCR\\tesseract.exe', 'C:\\Users\\bobst\\AppData\\Local\\Temp\\tess_mhwrcwnn_input.PNG', 'C:\\Users\\bobst\\AppData\\Local\\Temp\\tess_mhwrcwnn', '-l', 'ukr+rus+eng', '-c', 'tessedit_create_tsv=1', '--psm', '11', '--oem', '3']
2025-11-04 20:29:09 [DEBUG] [pytesseract:272] ['C:\\Program Files\\Tesseract-OCR\\tesseract.exe', 'C:\\Users\\bobst\\AppData\\Local\\Temp\\tess_i8jq98o6_input.PNG', 'C:\\Users\\bobst\\AppData\\Local\\Temp\\tess_i8jq98o6', '-l', 'rus+eng', '-c', 'tessedit_create_tsv=1', '--psm', '6', '--oem', '3']
2025-11-04 20:29:09 [DEBUG] [pytesseract:272] ['C:\\Program Files\\Tesseract-OCR\\tesseract.exe', 'C:\\Users\\bobst\\AppData\\Local\\Temp\\tess_x1rrrq4o_input.PNG', 'C:\\Users\\bobst\\AppData\\Local\\Temp\\tess_x1rrrq4o', '-l', 'ukr', '-c', 'tessedit_create_tsv=1', '--psm', '6', '--oem', '3']
2025-11-04 20:29:09 [INFO] [analyzer:254] 📱 Екран: unknown | Впевненість OCR: 70.0%
2025-11-04 20:29:09 [INFO] [analyzer:304] ✅ Аналіз: 🎯 20% | Час: 1.88с
2025-11-04 20:29:09 [DEBUG] [bot:272] 🔍 Скан #12: 'В | о :І Б Ф | є3 а...'
2025-11-04 20:29:09 [DEBUG] [bot:309] ⏸️ Очікування 0.1с до наступного скану...
2025-11-04 20:29:09 [DEBUG] [bot:259] 🔍 Скан #13...
2025-11-04 20:29:09 [DEBUG] [performance_optimizer:140] 💻 CPU масштабування: 960x270
2025-11-04 20:29:09 [DEBUG] [performance_optimizer:151] ⚡ Оптимізація: 1.0ms
2025-11-04 20:29:09 [DEBUG] [performance_optimizer:140] 💻 CPU масштабування: 480x135
2025-11-04 20:29:09 [DEBUG] [performance_optimizer:151] ⚡ Оптимізація: 0.0ms
2025-11-04 20:29:09 [DEBUG] [performance_optimizer:193] 💾 Збережено: screen_20251104_202909.jpg (7 KB, економія: 0.74 MB)
2025-11-04 20:29:09 [DEBUG] [analyzer:235] 💾 Збережено: screen_20251104_202909.jpg
2025-11-04 20:29:09 [DEBUG] [pytesseract:272] ['C:\\Program Files\\Tesseract-OCR\\tesseract.exe', 'C:\\Users\\bobst\\AppData\\Local\\Temp\\tess_w133e8mx_input.PNG', 'C:\\Users\\bobst\\AppData\\Local\\Temp\\tess_w133e8mx', '-l', 'ukr+rus+eng', '-c', 'tessedit_create_tsv=1', '--psm', '6', '--oem', '3']
2025-11-04 20:29:10 [DEBUG] [pytesseract:272] ['C:\\Program Files\\Tesseract-OCR\\tesseract.exe', 'C:\\Users\\bobst\\AppData\\Local\\Temp\\tess_u0az9cw__input.PNG', 'C:\\Users\\bobst\\AppData\\Local\\Temp\\tess_u0az9cw_', '-l', 'ukr+rus+eng', '-c', 'tessedit_create_tsv=1', '--psm', '11', '--oem', '3']
2025-11-04 20:29:10 [DEBUG] [pytesseract:272] ['C:\\Program Files\\Tesseract-OCR\\tesseract.exe', 'C:\\Users\\bobst\\AppData\\Local\\Temp\\tess__sjap01r_input.PNG', 'C:\\Users\\bobst\\AppData\\Local\\Temp\\tess__sjap01r', '-l', 'rus+eng', '-c', 'tessedit_create_tsv=1', '--psm', '6', '--oem', '3']
2025-11-04 20:29:10 [DEBUG] [pytesseract:272] ['C:\\Program Files\\Tesseract-OCR\\tesseract.exe', 'C:\\Users\\bobst\\AppData\\Local\\Temp\\tess_j3d79tkc_input.PNG', 'C:\\Users\\bobst\\AppData\\Local\\Temp\\tess_j3d79tkc', '-l', 'ukr', '-c', 'tessedit_create_tsv=1', '--psm', '6', '--oem', '3']
2025-11-04 20:29:11 [INFO] [analyzer:254] 📱 Екран: unknown | Впевненість OCR: 64.0%
2025-11-04 20:29:11 [INFO] [analyzer:304] ✅ Аналіз: 🎯 20% | Час: 1.44с
2025-11-04 20:29:11 [DEBUG] [bot:272] 🔍 Скан #13: 'сло ии є3 а...'
2025-11-04 20:29:11 [DEBUG] [bot:309] ⏸️ Очікування 0.6с до наступного скану...
2025-11-04 20:29:11 [DEBUG] [bot:259] 🔍 Скан #14...
2025-11-04 20:29:11 [DEBUG] [performance_optimizer:140] 💻 CPU масштабування: 960x270
2025-11-04 20:29:11 [DEBUG] [performance_optimizer:151] ⚡ Оптимізація: 1.0ms
2025-11-04 20:29:11 [DEBUG] [pytesseract:272] ['C:\\Program Files\\Tesseract-OCR\\tesseract.exe', 'C:\\Users\\bobst\\AppData\\Local\\Temp\\tess_dy7_f694_input.PNG', 'C:\\Users\\bobst\\AppData\\Local\\Temp\\tess_dy7_f694', '-l', 'ukr+rus+eng', '-c', 'tessedit_create_tsv=1', '--psm', '6', '--oem', '3']
2025-11-04 20:29:12 [DEBUG] [pytesseract:272] ['C:\\Program Files\\Tesseract-OCR\\tesseract.exe', 'C:\\Users\\bobst\\AppData\\Local\\Temp\\tess_8795oyxh_input.PNG', 'C:\\Users\\bobst\\AppData\\Local\\Temp\\tess_8795oyxh', '-l', 'ukr+rus+eng', '-c', 'tessedit_create_tsv=1', '--psm', '11', '--oem', '3']
2025-11-04 20:29:12 [DEBUG] [pytesseract:272] ['C:\\Program Files\\Tesseract-OCR\\tesseract.exe', 'C:\\Users\\bobst\\AppData\\Local\\Temp\\tess_f9bvccay_input.PNG', 'C:\\Users\\bobst\\AppData\\Local\\Temp\\tess_f9bvccay', '-l', 'rus+eng', '-c', 'tessedit_create_tsv=1', '--psm', '6', '--oem', '3']
2025-11-04 20:29:12 [DEBUG] [pytesseract:272] ['C:\\Program Files\\Tesseract-OCR\\tesseract.exe', 'C:\\Users\\bobst\\AppData\\Local\\Temp\\tess_t6k247kn_input.PNG', 'C:\\Users\\bobst\\AppData\\Local\\Temp\\tess_t6k247kn', '-l', 'ukr', '-c', 'tessedit_create_tsv=1', '--psm', '6', '--oem', '3']
2025-11-04 20:29:13 [INFO] [analyzer:254] 📱 Екран: unknown | Впевненість OCR: 51.5%
2025-11-04 20:29:13 [INFO] [analyzer:304] ✅ Аналіз: 🎯 20% | Час: 1.41с
2025-11-04 20:29:13 [DEBUG] [bot:272] 🔍 Скан #14: 'eee 2....'
2025-11-04 20:29:13 [DEBUG] [bot:309] ⏸️ Очікування 0.6с до наступного скану...
2025-11-04 20:29:13 [DEBUG] [bot:259] 🔍 Скан #15...
2025-11-04 20:29:13 [DEBUG] [performance_optimizer:140] 💻 CPU масштабування: 960x270
2025-11-04 20:29:13 [DEBUG] [performance_optimizer:151] ⚡ Оптимізація: 1.0ms
2025-11-04 20:29:13 [DEBUG] [pytesseract:272] ['C:\\Program Files\\Tesseract-OCR\\tesseract.exe', 'C:\\Users\\bobst\\AppData\\Local\\Temp\\tess_b9bdl76x_input.PNG', 'C:\\Users\\bobst\\AppData\\Local\\Temp\\tess_b9bdl76x', '-l', 'ukr+rus+eng', '-c', 'tessedit_create_tsv=1', '--psm', '6', '--oem', '3']
2025-11-04 20:29:14 [DEBUG] [pytesseract:272] ['C:\\Program Files\\Tesseract-OCR\\tesseract.exe', 'C:\\Users\\bobst\\AppData\\Local\\Temp\\tess_o58m7h58_input.PNG', 'C:\\Users\\bobst\\AppData\\Local\\Temp\\tess_o58m7h58', '-l', 'ukr+rus+eng', '-c', 'tessedit_create_tsv=1', '--psm', '11', '--oem', '3']
2025-11-04 20:29:14 [DEBUG] [pytesseract:272] ['C:\\Program Files\\Tesseract-OCR\\tesseract.exe', 'C:\\Users\\bobst\\AppData\\Local\\Temp\\tess_i0xee1rc_input.PNG', 'C:\\Users\\bobst\\AppData\\Local\\Temp\\tess_i0xee1rc', '-l', 'rus+eng', '-c', 'tessedit_create_tsv=1', '--psm', '6', '--oem', '3']
2025-11-04 20:29:14 [DEBUG] [pytesseract:272] ['C:\\Program Files\\Tesseract-OCR\\tesseract.exe', 'C:\\Users\\bobst\\AppData\\Local\\Temp\\tess_0iw1_poj_input.PNG', 'C:\\Users\\bobst\\AppData\\Local\\Temp\\tess_0iw1_poj', '-l', 'ukr', '-c', 'tessedit_create_tsv=1', '--psm', '6', '--oem', '3']
2025-11-04 20:29:15 [INFO] [analyzer:254] 📱 Екран: unknown | Впевненість OCR: 51.9%
2025-11-04 20:29:15 [INFO] [analyzer:304] ✅ Аналіз: 🎯 20% | Час: 1.45с
2025-11-04 20:29:15 [DEBUG] [bot:272] 🔍 Скан #15: 'oo ees (] г Oy 3 Hor] х Node...'
2025-11-04 20:29:15 [DEBUG] [bot:309] ⏸️ Очікування 0.6с до наступного скану...
2025-11-04 20:29:15 [DEBUG] [bot:259] 🔍 Скан #16...
2025-11-04 20:29:15 [DEBUG] [performance_optimizer:140] 💻 CPU масштабування: 960x270
2025-11-04 20:29:15 [DEBUG] [performance_optimizer:151] ⚡ Оптимізація: 1.3ms
2025-11-04 20:29:15 [DEBUG] [performance_optimizer:140] 💻 CPU масштабування: 480x135
2025-11-04 20:29:15 [DEBUG] [performance_optimizer:151] ⚡ Оптимізація: 0.0ms
2025-11-04 20:29:15 [DEBUG] [performance_optimizer:193] 💾 Збережено: screen_20251104_202915.jpg (7 KB, економія: 0.74 MB)
2025-11-04 20:29:15 [DEBUG] [analyzer:235] 💾 Збережено: screen_20251104_202915.jpg
2025-11-04 20:29:15 [DEBUG] [pytesseract:272] ['C:\\Program Files\\Tesseract-OCR\\tesseract.exe', 'C:\\Users\\bobst\\AppData\\Local\\Temp\\tess_ktjamn3g_input.PNG', 'C:\\Users\\bobst\\AppData\\Local\\Temp\\tess_ktjamn3g', '-l', 'ukr+rus+eng', '-c', 'tessedit_create_tsv=1', '--psm', '6', '--oem', '3']
2025-11-04 20:29:16 [DEBUG] [pytesseract:272] ['C:\\Program Files\\Tesseract-OCR\\tesseract.exe', 'C:\\Users\\bobst\\AppData\\Local\\Temp\\tess_1t2vvpab_input.PNG', 'C:\\Users\\bobst\\AppData\\Local\\Temp\\tess_1t2vvpab', '-l', 'ukr+rus+eng', '-c', 'tessedit_create_tsv=1', '--psm', '11', '--oem', '3']
2025-11-04 20:29:16 [DEBUG] [pytesseract:272] ['C:\\Program Files\\Tesseract-OCR\\tesseract.exe', 'C:\\Users\\bobst\\AppData\\Local\\Temp\\tess_2cseagbr_input.PNG', 'C:\\Users\\bobst\\AppData\\Local\\Temp\\tess_2cseagbr', '-l', 'rus+eng', '-c', 'tessedit_create_tsv=1', '--psm', '6', '--oem', '3']
2025-11-04 20:29:17 [DEBUG] [pytesseract:272] ['C:\\Program Files\\Tesseract-OCR\\tesseract.exe', 'C:\\Users\\bobst\\AppData\\Local\\Temp\\tess_tdnp1c9b_input.PNG', 'C:\\Users\\bobst\\AppData\\Local\\Temp\\tess_tdnp1c9b', '-l', 'ukr', '-c', 'tessedit_create_tsv=1', '--psm', '6', '--oem', '3']
2025-11-04 20:29:17 [INFO] [analyzer:254] 📱 Екран: unknown | Впевненість OCR: 54.6%
2025-11-04 20:29:17 [INFO] [analyzer:304] ✅ Аналіз: 🎯 20% | Час: 1.45с
2025-11-04 20:29:17 [DEBUG] [bot:272] 🔍 Скан #16: 'сло ии е - Г є ш...'
2025-11-04 20:29:17 [DEBUG] [bot:309] ⏸️ Очікування 0.6с до наступного скану...
2025-11-04 20:29:17 [DEBUG] [bot:259] 🔍 Скан #17...
2025-11-04 20:29:17 [DEBUG] [performance_optimizer:140] 💻 CPU масштабування: 960x270
2025-11-04 20:29:17 [DEBUG] [performance_optimizer:151] ⚡ Оптимізація: 1.0ms
2025-11-04 20:29:18 [DEBUG] [pytesseract:272] ['C:\\Program Files\\Tesseract-OCR\\tesseract.exe', 'C:\\Users\\bobst\\AppData\\Local\\Temp\\tess_xlho_chv_input.PNG', 'C:\\Users\\bobst\\AppData\\Local\\Temp\\tess_xlho_chv', '-l', 'ukr+rus+eng', '-c', 'tessedit_create_tsv=1', '--psm', '6', '--oem', '3']
2025-11-04 20:29:18 [DEBUG] [pytesseract:272] ['C:\\Program Files\\Tesseract-OCR\\tesseract.exe', 'C:\\Users\\bobst\\AppData\\Local\\Temp\\tess_el71bvrc_input.PNG', 'C:\\Users\\bobst\\AppData\\Local\\Temp\\tess_el71bvrc', '-l', 'ukr+rus+eng', '-c', 'tessedit_create_tsv=1', '--psm', '11', '--oem', '3']
2025-11-04 20:29:19 [DEBUG] [pytesseract:272] ['C:\\Program Files\\Tesseract-OCR\\tesseract.exe', 'C:\\Users\\bobst\\AppData\\Local\\Temp\\tess_1a7y1uxf_input.PNG', 'C:\\Users\\bobst\\AppData\\Local\\Temp\\tess_1a7y1uxf', '-l', 'rus+eng', '-c', 'tessedit_create_tsv=1', '--psm', '6', '--oem', '3']
2025-11-04 20:29:19 [DEBUG] [pytesseract:272] ['C:\\Program Files\\Tesseract-OCR\\tesseract.exe', 'C:\\Users\\bobst\\AppData\\Local\\Temp\\tess_isbxa_yt_input.PNG', 'C:\\Users\\bobst\\AppData\\Local\\Temp\\tess_isbxa_yt', '-l', 'ukr', '-c', 'tessedit_create_tsv=1', '--psm', '6', '--oem', '3']
2025-11-04 20:29:19 [INFO] [analyzer:254] 📱 Екран: unknown | Впевненість OCR: 56.8%
2025-11-04 20:29:19 [INFO] [analyzer:304] ✅ Аналіз: 🎯 20% | Час: 2.02с
2025-11-04 20:29:19 [DEBUG] [bot:272] 🔍 Скан #17: 'сло ии е ш...'
2025-11-04 20:29:19 [DEBUG] [bot:309] ⏸️ Очікування 0.1с до наступного скану...
2025-11-04 20:29:19 [DEBUG] [bot:259] 🔍 Скан #18...
2025-11-04 20:29:20 [DEBUG] [performance_optimizer:140] 💻 CPU масштабування: 960x270
2025-11-04 20:29:20 [DEBUG] [performance_optimizer:151] ⚡ Оптимізація: 1.0ms
2025-11-04 20:29:20 [DEBUG] [pytesseract:272] ['C:\\Program Files\\Tesseract-OCR\\tesseract.exe', 'C:\\Users\\bobst\\AppData\\Local\\Temp\\tess_7tbmk5s0_input.PNG', 'C:\\Users\\bobst\\AppData\\Local\\Temp\\tess_7tbmk5s0', '-l', 'ukr+rus+eng', '-c', 'tessedit_create_tsv=1', '--psm', '6', '--oem', '3']
2025-11-04 20:29:20 [DEBUG] [pytesseract:272] ['C:\\Program Files\\Tesseract-OCR\\tesseract.exe', 'C:\\Users\\bobst\\AppData\\Local\\Temp\\tess_831ivlf7_input.PNG', 'C:\\Users\\bobst\\AppData\\Local\\Temp\\tess_831ivlf7', '-l', 'ukr+rus+eng', '-c', 'tessedit_create_tsv=1', '--psm', '11', '--oem', '3']
2025-11-04 20:29:21 [DEBUG] [pytesseract:272] ['C:\\Program Files\\Tesseract-OCR\\tesseract.exe', 'C:\\Users\\bobst\\AppData\\Local\\Temp\\tess_y2ouiqgv_input.PNG', 'C:\\Users\\bobst\\AppData\\Local\\Temp\\tess_y2ouiqgv', '-l', 'rus+eng', '-c', 'tessedit_create_tsv=1', '--psm', '6', '--oem', '3']
2025-11-04 20:29:21 [DEBUG] [pytesseract:272] ['C:\\Program Files\\Tesseract-OCR\\tesseract.exe', 'C:\\Users\\bobst\\AppData\\Local\\Temp\\tess_cgd8br69_input.PNG', 'C:\\Users\\bobst\\AppData\\Local\\Temp\\tess_cgd8br69', '-l', 'ukr', '-c', 'tessedit_create_tsv=1', '--psm', '6', '--oem', '3']
2025-11-04 20:29:21 [INFO] [analyzer:254] 📱 Екран: unknown | Впевненість OCR: 57.0%
2025-11-04 20:29:21 [INFO] [analyzer:304] ✅ Аналіз: 🎯 20% | Час: 1.83с
2025-11-04 20:29:21 [DEBUG] [bot:272] 🔍 Скан #18: 'af І om ' ' ш 2 = 0 ED Se ¢ o> f= eo + hom...'
2025-11-04 20:29:21 [DEBUG] [bot:309] ⏸️ Очікування 0.2с до наступного скану...
2025-11-04 20:29:21 [DEBUG] [bot:259] 🔍 Скан #19...
2025-11-04 20:29:22 [DEBUG] [performance_optimizer:140] 💻 CPU масштабування: 960x270
2025-11-04 20:29:22 [DEBUG] [performance_optimizer:151] ⚡ Оптимізація: 1.0ms
2025-11-04 20:29:22 [DEBUG] [performance_optimizer:140] 💻 CPU масштабування: 480x135
2025-11-04 20:29:22 [DEBUG] [performance_optimizer:151] ⚡ Оптимізація: 0.0ms
2025-11-04 20:29:22 [DEBUG] [performance_optimizer:193] 💾 Збережено: screen_20251104_202922.jpg (6 KB, економія: 0.74 MB)
2025-11-04 20:29:22 [DEBUG] [analyzer:235] 💾 Збережено: screen_20251104_202922.jpg
2025-11-04 20:29:22 [INFO] [bot:381] ⏹️ Зупинка...
2025-11-04 20:29:22 [INFO] [bot:189] ⏹️ Ініціювання зупинки...
2025-11-04 20:29:22 [DEBUG] [pytesseract:272] ['C:\\Program Files\\Tesseract-OCR\\tesseract.exe', 'C:\\Users\\bobst\\AppData\\Local\\Temp\\tess_6ilr0fi__input.PNG', 'C:\\Users\\bobst\\AppData\\Local\\Temp\\tess_6ilr0fi_', '-l', 'ukr+rus+eng', '-c', 'tessedit_create_tsv=1', '--psm', '6', '--oem', '3']
2025-11-04 20:29:22 [DEBUG] [pytesseract:272] ['C:\\Program Files\\Tesseract-OCR\\tesseract.exe', 'C:\\Users\\bobst\\AppData\\Local\\Temp\\tess_rbo6jcta_input.PNG', 'C:\\Users\\bobst\\AppData\\Local\\Temp\\tess_rbo6jcta', '-l', 'ukr+rus+eng', '-c', 'tessedit_create_tsv=1', '--psm', '11', '--oem', '3']
2025-11-04 20:29:23 [DEBUG] [pytesseract:272] ['C:\\Program Files\\Tesseract-OCR\\tesseract.exe', 'C:\\Users\\bobst\\AppData\\Local\\Temp\\tess_kcey7cnk_input.PNG', 'C:\\Users\\bobst\\AppData\\Local\\Temp\\tess_kcey7cnk', '-l', 'rus+eng', '-c', 'tessedit_create_tsv=1', '--psm', '6', '--oem', '3']
2025-11-04 20:29:23 [DEBUG] [pytesseract:272] ['C:\\Program Files\\Tesseract-OCR\\tesseract.exe', 'C:\\Users\\bobst\\AppData\\Local\\Temp\\tess_93652u6t_input.PNG', 'C:\\Users\\bobst\\AppData\\Local\\Temp\\tess_93652u6t', '-l', 'ukr', '-c', 'tessedit_create_tsv=1', '--psm', '6', '--oem', '3']
2025-11-04 20:29:23 [INFO] [analyzer:254] 📱 Екран: unknown | Впевненість OCR: 60.6%
2025-11-04 20:29:23 [INFO] [analyzer:304] ✅ Аналіз: 🎯 20% | Час: 1.65с
2025-11-04 20:29:23 [DEBUG] [bot:272] 🔍 Скан #19: 'ГЯ ' АО ' ) о 0 б е о -...'
2025-11-04 20:29:23 [DEBUG] [bot:309] ⏸️ Очікування 0.4с до наступного скану...
2025-11-04 20:29:24 [INFO] [bot:340] 🔄 Головний цикл завершено
2025-11-04 20:29:24 [INFO] [bot:381] ========================================
2025-11-04 20:29:24 [INFO] [bot:381] 📊 ФІНАЛЬНА СТАТИСТИКА
2025-11-04 20:29:24 [INFO] [bot:381] ⏱️ Uptime: 0хв 38с
2025-11-04 20:29:24 [INFO] [bot:381] 🔍 Сканів: 19
2025-11-04 20:29:24 [INFO] [bot:381] ⚡ Дій: 0
2025-11-04 20:29:24 [INFO] [bot:381] 🐛 Паразитів: 0
2025-11-04 20:29:24 [INFO] [bot:381] ❌ Помилок: 0
2025-11-04 20:29:24 [INFO] [bot:381] ========================================
2025-11-04 20:29:24 [INFO] [performance_optimizer:391] ================================================================================
2025-11-04 20:29:24 [INFO] [performance_optimizer:392] 📊 СТАТИСТИКА ПРОДУКТИВНОСТІ:
2025-11-04 20:29:24 [INFO] [performance_optimizer:393]    💾 Скріншотів: 7 (оптимізовано: 26)
2025-11-04 20:29:24 [INFO] [performance_optimizer:394]    💰 Економія простору: 5.2 MB
2025-11-04 20:29:24 [INFO] [performance_optimizer:395]    🎯 Cache hit rate: 0.0% (0/19)
2025-11-04 20:29:24 [INFO] [performance_optimizer:396]    🎮 GPU операцій: 0 ❌ (недоступний)
2025-11-04 20:29:24 [INFO] [performance_optimizer:397]    🧠 Пам'ять процесу: 91.3 MB (0.3%)
2025-11-04 20:29:24 [INFO] [performance_optimizer:398]    🖥️ Системна пам'ять: 53.6% (14.8/31.8 GB доступно)
2025-11-04 20:29:24 [INFO] [performance_optimizer:399]    ⚡ CPU процесу: 0.0% (система: 35.7%)
2025-11-04 20:29:24 [INFO] [performance_optimizer:400]    ⏱️ Середній час обробки: 0.5ms
2025-11-04 20:29:24 [INFO] [performance_optimizer:401] ================================================================================
2025-11-04 20:29:24 [INFO] [performance_optimizer:433] ✅ Performance Optimizer завершено
2025-11-04 20:29:24 [INFO] [smart_inventory:380] ============================================================
2025-11-04 20:29:24 [INFO] [smart_inventory:381] 📊 СТАТИСТИКА ІНВЕНТАРЯ:
2025-11-04 20:29:24 [INFO] [smart_inventory:382]    🔍 Пошуків виконано: 0
2025-11-04 20:29:24 [INFO] [smart_inventory:383]    🧪 Хімікатів знайдено: 0
2025-11-04 20:29:24 [INFO] [smart_inventory:384]    💧 Перевірок лейки: 0
2025-11-04 20:29:24 [INFO] [smart_inventory:385] ============================================================
2025-11-04 20:29:24 [INFO] [analyzer:590] ================================================================================
2025-11-04 20:29:24 [INFO] [analyzer:591] 📊 СТАТИСТИКА АНАЛІЗАТОРА:
2025-11-04 20:29:24 [INFO] [analyzer:592]    🔍 Сканів: 19 (успішних: 0, 0.0%)
2025-11-04 20:29:24 [INFO] [analyzer:593]    🐛 Паразитів виявлено: 0
2025-11-04 20:29:24 [INFO] [analyzer:594]    💧 Попереджень про воду: 0
2025-11-04 20:29:24 [INFO] [analyzer:595]    ⏱️ Середній час аналізу: 1714.9ms
2025-11-04 20:29:24 [INFO] [analyzer:596]    🎮 Контекст: Локація: unknown | Полито: 0 | Оброблено: 0 | Вода: unknown | Дій: 0
2025-11-04 20:29:24 [INFO] [analyzer:597] ================================================================================
2025-11-04 20:29:24 [INFO] [executor:379] ================================================================================
2025-11-04 20:29:24 [INFO] [executor:380] 📊 СТАТИСТИКА ВИКОНАВЦЯ:
2025-11-04 20:29:24 [INFO] [executor:381]    🐛 Паразитів оброблено: 0
2025-11-04 20:29:24 [INFO] [executor:382]    💧 Поливів виконано: 0
2025-11-04 20:29:24 [INFO] [executor:383]    🚰 Поповнень води: 0
2025-11-04 20:29:24 [INFO] [executor:384]    ❌ Невдалих дій: 0
2025-11-04 20:29:24 [INFO] [executor:385]    ✅ Всього дій: 0
2025-11-04 20:29:24 [INFO] [executor:386]    📍 Точка поливу: ❌ Не встановлена
2025-11-04 20:29:24 [INFO] [executor:387]    🔄 Наступна перевірка води через: 5 поливів
2025-11-04 20:29:24 [INFO] [executor:388] ================================================================================
2025-11-04 20:29:24 [INFO] [bot:381] ⏹️ Зупинено
2025-11-04 20:29:24 [INFO] [bot:215] ✅ Бот успішно зупинено
2025-11-04 20:29:24 [INFO] [main:99] 👋 Завершення програми
2025-11-04 20:29:24 [INFO] [main:125] ================================================================================
2025-11-04 20:29:24 [INFO] [main:126] ✅ Plant Care Bot завершено
2025-11-04 20:29:24 [INFO] [main:127] ================================================================================
